<?xml version="1.0" encoding="UTF-8"?>
<!-- Generated by org.testng.reporters.JUnitReportReporter -->
<testsuite skipped="0" hostname="LAPTOP-9R8O7VC2" name="org.selenium.testcases.TC_003" tests="1" failures="0" timestamp="2019-12-27T12:16:15 EST" time="13.377" errors="0">
  <testcase name="testcase1" time="13.377" classname="org.selenium.testcases.TC_003"/>
</testsuite> <!-- org.selenium.testcases.TC_003 -->
